2026-01-19 04:11:05 [[31merror[39m]: Error: Database not connected
    at DatabaseService.getDatabase (/Users/bobbyc/Servio Restaurant Platform/backend/src/services/DatabaseService.ts:393:25)
    at new AssistantService (/Users/bobbyc/Servio Restaurant Platform/backend/src/services/AssistantService.ts:60:45)
    at multer (/Users/bobbyc/Servio Restaurant Platform/backend/src/routes/assistant.ts:27:26)
    at Object.<anonymous> (/Users/bobbyc/Servio Restaurant Platform/backend/src/routes/assistant.ts:284:16)
    at Module._compile (node:internal/modules/cjs/loader:1692:14)
    at Object.transformer (/Users/bobbyc/Servio Restaurant Platform/backend/node_modules/tsx/dist/register-D46fvsV_.cjs:3:1104)
    at Module.load (node:internal/modules/cjs/loader:1427:32)
    at Module._load (node:internal/modules/cjs/loader:1250:12)
    at TracingChannel.traceSync (node:diagnostics_channel:322:14)
    at wrapModuleLoad (node:internal/modules/cjs/loader:235:24)
2026-01-19 04:11:18 [[31merror[39m]: Error: Database not connected
    at DatabaseService.getDatabase (/Users/bobbyc/Servio Restaurant Platform/backend/src/services/DatabaseService.ts:393:25)
    at new AssistantService (/Users/bobbyc/Servio Restaurant Platform/backend/src/services/AssistantService.ts:60:45)
    at multer (/Users/bobbyc/Servio Restaurant Platform/backend/src/routes/assistant.ts:27:26)
    at Object.<anonymous> (/Users/bobbyc/Servio Restaurant Platform/backend/src/routes/assistant.ts:284:16)
    at Module._compile (node:internal/modules/cjs/loader:1692:14)
    at Object.transformer (/Users/bobbyc/Servio Restaurant Platform/backend/node_modules/tsx/dist/register-D46fvsV_.cjs:3:1104)
    at Module.load (node:internal/modules/cjs/loader:1427:32)
    at Module._load (node:internal/modules/cjs/loader:1250:12)
    at TracingChannel.traceSync (node:diagnostics_channel:322:14)
    at wrapModuleLoad (node:internal/modules/cjs/loader:235:24)
2026-01-19 04:11:22 [[31merror[39m]: Error: Database not connected
    at DatabaseService.getDatabase (/Users/bobbyc/Servio Restaurant Platform/backend/src/services/DatabaseService.ts:393:25)
    at new AssistantService (/Users/bobbyc/Servio Restaurant Platform/backend/src/services/AssistantService.ts:60:45)
    at multer (/Users/bobbyc/Servio Restaurant Platform/backend/src/routes/assistant.ts:27:26)
    at Object.<anonymous> (/Users/bobbyc/Servio Restaurant Platform/backend/src/routes/assistant.ts:284:16)
    at Module._compile (node:internal/modules/cjs/loader:1692:14)
    at Object.transformer (/Users/bobbyc/Servio Restaurant Platform/backend/node_modules/tsx/dist/register-D46fvsV_.cjs:3:1104)
    at Module.load (node:internal/modules/cjs/loader:1427:32)
    at Module._load (node:internal/modules/cjs/loader:1250:12)
    at TracingChannel.traceSync (node:diagnostics_channel:322:14)
    at wrapModuleLoad (node:internal/modules/cjs/loader:235:24)
2026-01-19 04:11:25 [[31merror[39m]: Error: Database not connected
    at DatabaseService.getDatabase (/Users/bobbyc/Servio Restaurant Platform/backend/src/services/DatabaseService.ts:393:25)
    at new AssistantService (/Users/bobbyc/Servio Restaurant Platform/backend/src/services/AssistantService.ts:60:45)
    at multer (/Users/bobbyc/Servio Restaurant Platform/backend/src/routes/assistant.ts:27:26)
    at Object.<anonymous> (/Users/bobbyc/Servio Restaurant Platform/backend/src/routes/assistant.ts:284:16)
    at Module._compile (node:internal/modules/cjs/loader:1692:14)
    at Object.transformer (/Users/bobbyc/Servio Restaurant Platform/backend/node_modules/tsx/dist/register-D46fvsV_.cjs:3:1104)
    at Module.load (node:internal/modules/cjs/loader:1427:32)
    at Module._load (node:internal/modules/cjs/loader:1250:12)
    at TracingChannel.traceSync (node:diagnostics_channel:322:14)
    at wrapModuleLoad (node:internal/modules/cjs/loader:235:24)
